2019-08-23 11:11:57 [http-bio-8087-exec-3] ERROR LogInterceptor:75 - ----------------------------------------------------------------------------------
2019-08-23 11:11:57 [http-bio-8087-exec-3] ERROR LogInterceptor:76 - ===执行com.ssm.demo.controller.LoginController类的logout()方法的745行
2019-08-23 11:11:57 [http-bio-8087-exec-3] ERROR LogInterceptor:77 - ===异常信息为：java.lang.NullPointerException  
2019-08-23 11:11:57 [http-bio-8087-exec-3] ERROR LogInterceptor:78 - ===参数信息为：org.apache.catalina.connector.RequestFacade@3ff52dc6  
2019-08-23 11:15:13 [http-bio-8087-exec-3] ERROR LogInterceptor:75 - ----------------------------------------------------------------------------------
2019-08-23 11:15:13 [http-bio-8087-exec-3] ERROR LogInterceptor:76 - ===执行com.ssm.demo.controller.LoginController类的logout()方法的745行
2019-08-23 11:15:13 [http-bio-8087-exec-3] ERROR LogInterceptor:77 - ===异常信息为：java.lang.NullPointerException  
2019-08-23 11:15:13 [http-bio-8087-exec-3] ERROR LogInterceptor:78 - ===参数信息为：org.apache.catalina.connector.RequestFacade@3e54033e  
2019-08-23 11:15:13 [http-bio-8087-exec-7] ERROR LogInterceptor:75 - ----------------------------------------------------------------------------------
2019-08-23 11:15:13 [http-bio-8087-exec-7] ERROR LogInterceptor:76 - ===执行com.ssm.demo.controller.LoginController类的logout()方法的745行
2019-08-23 11:15:13 [http-bio-8087-exec-7] ERROR LogInterceptor:77 - ===异常信息为：java.lang.NullPointerException  
2019-08-23 11:15:13 [http-bio-8087-exec-7] ERROR LogInterceptor:78 - ===参数信息为：org.apache.catalina.connector.RequestFacade@3ff52dc6  
2019-08-23 11:20:52 [http-bio-8087-exec-1] ERROR LogInterceptor:75 - ----------------------------------------------------------------------------------
2019-08-23 11:20:52 [http-bio-8087-exec-1] ERROR LogInterceptor:76 - ===执行com.ssm.demo.controller.LoginController类的logout()方法的745行
2019-08-23 11:20:52 [http-bio-8087-exec-1] ERROR LogInterceptor:77 - ===异常信息为：java.lang.NullPointerException  
2019-08-23 11:20:52 [http-bio-8087-exec-1] ERROR LogInterceptor:78 - ===参数信息为：org.apache.catalina.connector.RequestFacade@3ff52dc6  
2019-08-23 11:25:44 [http-bio-8087-exec-9] ERROR LogInterceptor:75 - ----------------------------------------------------------------------------------
2019-08-23 11:25:44 [http-bio-8087-exec-9] ERROR LogInterceptor:76 - ===执行com.ssm.demo.controller.LoginController类的logout()方法的745行
2019-08-23 11:25:44 [http-bio-8087-exec-9] ERROR LogInterceptor:77 - ===异常信息为：java.lang.NullPointerException  
2019-08-23 11:25:44 [http-bio-8087-exec-9] ERROR LogInterceptor:78 - ===参数信息为：org.apache.catalina.connector.RequestFacade@3e54033e  
2019-08-23 11:26:46 [http-bio-8087-exec-7] ERROR LogInterceptor:75 - ----------------------------------------------------------------------------------
2019-08-23 11:26:46 [http-bio-8087-exec-7] ERROR LogInterceptor:76 - ===执行com.ssm.demo.controller.LoginController类的logout()方法的745行
2019-08-23 11:26:46 [http-bio-8087-exec-7] ERROR LogInterceptor:77 - ===异常信息为：java.lang.NullPointerException  
2019-08-23 11:26:46 [http-bio-8087-exec-7] ERROR LogInterceptor:78 - ===参数信息为：org.apache.catalina.connector.RequestFacade@3ff52dc6  
2019-08-23 11:28:52 [http-bio-8087-exec-2] ERROR LogInterceptor:75 - ----------------------------------------------------------------------------------
2019-08-23 11:28:52 [http-bio-8087-exec-2] ERROR LogInterceptor:76 - ===执行com.ssm.demo.controller.LoginController类的logout()方法的745行
2019-08-23 11:28:52 [http-bio-8087-exec-2] ERROR LogInterceptor:77 - ===异常信息为：java.lang.NullPointerException  
2019-08-23 11:28:52 [http-bio-8087-exec-2] ERROR LogInterceptor:78 - ===参数信息为：org.apache.catalina.connector.RequestFacade@7216b6ed  
2019-08-31 12:20:40 [http-bio-8087-exec-14] ERROR LogsInterceptor:75 - ----------------------------------------------------------------------------------
2019-08-31 12:20:40 [http-bio-8087-exec-14] ERROR LogsInterceptor:76 - ===执行com.ssm.demo.controller.EmpController类的empTable()方法的745行
2019-08-31 12:20:40 [http-bio-8087-exec-14] ERROR LogsInterceptor:77 - ===异常信息为：org.mybatis.spring.MyBatisSystemException: nested exception is org.apache.ibatis.exceptions.PersistenceException: 
### Error querying database.  Cause: org.springframework.jdbc.CannotGetJdbcConnectionException: Could not get JDBC Connection; nested exception is org.apache.commons.dbcp.SQLNestedException: Cannot create PoolableConnectionFactory (Communications link failure

The last packet sent successfully to the server was 0 milliseconds ago. The driver has not received any packets from the server.)
### The error may exist in file [F:\IdeaIu\work_place\demo\target\com.ssm.demo\WEB-INF\classes\sqlmap\EmpMapper.xml]
### The error may involve com.ssm.demo.dao.EmpMapper.selectAll
### The error occurred while executing a query
### Cause: org.springframework.jdbc.CannotGetJdbcConnectionException: Could not get JDBC Connection; nested exception is org.apache.commons.dbcp.SQLNestedException: Cannot create PoolableConnectionFactory (Communications link failure

The last packet sent successfully to the server was 0 milliseconds ago. The driver has not received any packets from the server.)  
2019-08-31 12:20:40 [http-bio-8087-exec-14] ERROR LogsInterceptor:78 - ===参数信息为：{}  
