2019-08-22 16:40:00 [http-bio-8087-exec-1] INFO  LogInterceptor:61 - com.ssm.demo.controller.IndexController类的index方法开始执行******Start******
2019-08-22 16:40:00 [http-bio-8087-exec-1] INFO  LogInterceptor:67 - com.ssm.demo.controller.IndexController.index()方法正常执行结束...
2019-08-22 16:40:00 [http-bio-8087-exec-1] INFO  LogInterceptor:84 - com.ssm.demo.controller.IndexController类的index方法执行结束******End******
2019-08-22 16:40:32 [http-bio-8087-exec-6] INFO  LogInterceptor:61 - com.ssm.demo.controller.IndexController类的index方法开始执行******Start******
2019-08-22 16:40:32 [http-bio-8087-exec-6] INFO  LogInterceptor:67 - com.ssm.demo.controller.IndexController.index()方法正常执行结束...
2019-08-22 16:40:32 [http-bio-8087-exec-6] INFO  LogInterceptor:84 - com.ssm.demo.controller.IndexController类的index方法执行结束******End******
2019-08-22 16:40:35 [http-bio-8087-exec-6] INFO  LogInterceptor:61 - com.ssm.demo.controller.IndexController类的index方法开始执行******Start******
2019-08-22 16:40:35 [http-bio-8087-exec-6] INFO  LogInterceptor:67 - com.ssm.demo.controller.IndexController.index()方法正常执行结束...
2019-08-22 16:40:35 [http-bio-8087-exec-6] INFO  LogInterceptor:84 - com.ssm.demo.controller.IndexController类的index方法执行结束******End******
2019-08-22 16:41:43 [http-bio-8087-exec-3] INFO  LogInterceptor:61 - com.ssm.demo.controller.IndexController类的index方法开始执行******Start******
2019-08-22 16:41:43 [http-bio-8087-exec-3] INFO  LogInterceptor:67 - com.ssm.demo.controller.IndexController.index()方法正常执行结束...
2019-08-22 16:41:43 [http-bio-8087-exec-3] INFO  LogInterceptor:84 - com.ssm.demo.controller.IndexController类的index方法执行结束******End******
2019-08-22 16:42:02 [http-bio-8087-exec-1] INFO  LogInterceptor:61 - com.ssm.demo.controller.IndexController类的index方法开始执行******Start******
2019-08-22 16:42:02 [http-bio-8087-exec-1] INFO  LogInterceptor:67 - com.ssm.demo.controller.IndexController.index()方法正常执行结束...
2019-08-22 16:42:02 [http-bio-8087-exec-1] INFO  LogInterceptor:84 - com.ssm.demo.controller.IndexController类的index方法执行结束******End******
2019-08-22 16:43:28 [http-bio-8087-exec-3] INFO  LogInterceptor:61 - com.ssm.demo.controller.IndexController类的index方法开始执行******Start******
2019-08-22 16:43:28 [http-bio-8087-exec-3] INFO  LogInterceptor:67 - com.ssm.demo.controller.IndexController.index()方法正常执行结束...
2019-08-22 16:43:28 [http-bio-8087-exec-3] INFO  LogInterceptor:84 - com.ssm.demo.controller.IndexController类的index方法执行结束******End******
2019-08-22 16:44:33 [http-bio-8087-exec-1] INFO  LogInterceptor:61 - com.ssm.demo.controller.IndexController类的index方法开始执行******Start******
2019-08-22 16:44:33 [http-bio-8087-exec-1] INFO  LogInterceptor:67 - com.ssm.demo.controller.IndexController.index()方法正常执行结束...
2019-08-22 16:44:33 [http-bio-8087-exec-1] INFO  LogInterceptor:84 - com.ssm.demo.controller.IndexController类的index方法执行结束******End******
2019-08-22 16:44:38 [http-bio-8087-exec-6] INFO  LogInterceptor:61 - com.ssm.demo.controller.IndexController类的index方法开始执行******Start******
2019-08-22 16:44:38 [http-bio-8087-exec-6] INFO  LogInterceptor:67 - com.ssm.demo.controller.IndexController.index()方法正常执行结束...
2019-08-22 16:44:38 [http-bio-8087-exec-6] INFO  LogInterceptor:84 - com.ssm.demo.controller.IndexController类的index方法执行结束******End******
2019-08-22 16:44:38 [http-bio-8087-exec-6] INFO  LogInterceptor:61 - com.ssm.demo.controller.MenuController类的switchMenu方法开始执行******Start******
2019-08-22 16:44:38 [http-bio-8087-exec-6] INFO  LogInterceptor:67 - com.ssm.demo.controller.MenuController.switchMenu()方法正常执行结束...
2019-08-22 16:44:38 [http-bio-8087-exec-6] INFO  LogInterceptor:84 - com.ssm.demo.controller.MenuController类的switchMenu方法执行结束******End******
2019-08-22 16:44:39 [http-bio-8087-exec-6] INFO  LogInterceptor:61 - com.ssm.demo.controller.MenuController类的switchMenu方法开始执行******Start******
2019-08-22 16:44:39 [http-bio-8087-exec-6] INFO  LogInterceptor:67 - com.ssm.demo.controller.MenuController.switchMenu()方法正常执行结束...
2019-08-22 16:44:39 [http-bio-8087-exec-6] INFO  LogInterceptor:84 - com.ssm.demo.controller.MenuController类的switchMenu方法执行结束******End******
2019-08-22 16:44:45 [http-bio-8087-exec-7] INFO  LogInterceptor:61 - com.ssm.demo.controller.MenuController类的switchMenu方法开始执行******Start******
2019-08-22 16:44:45 [http-bio-8087-exec-7] INFO  LogInterceptor:67 - com.ssm.demo.controller.MenuController.switchMenu()方法正常执行结束...
2019-08-22 16:44:45 [http-bio-8087-exec-7] INFO  LogInterceptor:84 - com.ssm.demo.controller.MenuController类的switchMenu方法执行结束******End******
2019-08-22 16:44:46 [http-bio-8087-exec-10] INFO  LogInterceptor:61 - com.ssm.demo.controller.MenuController类的switchMenu方法开始执行******Start******
2019-08-22 16:44:46 [http-bio-8087-exec-10] INFO  LogInterceptor:67 - com.ssm.demo.controller.MenuController.switchMenu()方法正常执行结束...
2019-08-22 16:44:46 [http-bio-8087-exec-10] INFO  LogInterceptor:84 - com.ssm.demo.controller.MenuController类的switchMenu方法执行结束******End******
2019-08-22 16:44:46 [http-bio-8087-exec-10] INFO  LogInterceptor:61 - com.ssm.demo.controller.MenuController类的switchMenu方法开始执行******Start******
2019-08-22 16:44:46 [http-bio-8087-exec-10] INFO  LogInterceptor:67 - com.ssm.demo.controller.MenuController.switchMenu()方法正常执行结束...
2019-08-22 16:44:46 [http-bio-8087-exec-10] INFO  LogInterceptor:84 - com.ssm.demo.controller.MenuController类的switchMenu方法执行结束******End******
2019-08-22 16:44:49 [http-bio-8087-exec-10] INFO  LogInterceptor:61 - com.ssm.demo.controller.MenuController类的switchMenu方法开始执行******Start******
2019-08-22 16:44:49 [http-bio-8087-exec-1] INFO  LogInterceptor:61 - com.ssm.demo.controller.IndexController类的index方法开始执行******Start******
2019-08-22 16:44:49 [http-bio-8087-exec-10] INFO  LogInterceptor:67 - com.ssm.demo.controller.MenuController.switchMenu()方法正常执行结束...
2019-08-22 16:44:49 [http-bio-8087-exec-1] INFO  LogInterceptor:67 - com.ssm.demo.controller.IndexController.index()方法正常执行结束...
2019-08-22 16:44:49 [http-bio-8087-exec-10] INFO  LogInterceptor:84 - com.ssm.demo.controller.MenuController类的switchMenu方法执行结束******End******
2019-08-22 16:44:49 [http-bio-8087-exec-1] INFO  LogInterceptor:84 - com.ssm.demo.controller.IndexController类的index方法执行结束******End******
2019-08-22 16:47:18 [http-bio-8087-exec-1] INFO  LogInterceptor:61 - com.ssm.demo.controller.IndexController类的index方法开始执行******Start******
2019-08-22 16:47:18 [http-bio-8087-exec-1] INFO  LogInterceptor:67 - com.ssm.demo.controller.IndexController.index()方法正常执行结束...
2019-08-22 16:47:18 [http-bio-8087-exec-1] INFO  LogInterceptor:84 - com.ssm.demo.controller.IndexController类的index方法执行结束******End******
2019-08-22 16:47:23 [http-bio-8087-exec-5] INFO  LogInterceptor:61 - com.ssm.demo.controller.IndexController类的index方法开始执行******Start******
2019-08-22 16:47:23 [http-bio-8087-exec-5] INFO  LogInterceptor:67 - com.ssm.demo.controller.IndexController.index()方法正常执行结束...
2019-08-22 16:47:23 [http-bio-8087-exec-5] INFO  LogInterceptor:84 - com.ssm.demo.controller.IndexController类的index方法执行结束******End******
2019-08-22 16:47:51 [http-bio-8087-exec-8] INFO  LogInterceptor:61 - com.ssm.demo.controller.MenuController类的switchMenu方法开始执行******Start******
2019-08-22 16:47:51 [http-bio-8087-exec-8] INFO  LogInterceptor:67 - com.ssm.demo.controller.MenuController.switchMenu()方法正常执行结束...
2019-08-22 16:47:51 [http-bio-8087-exec-8] INFO  LogInterceptor:84 - com.ssm.demo.controller.MenuController类的switchMenu方法执行结束******End******
2019-08-22 16:48:25 [http-bio-8087-exec-7] INFO  LogInterceptor:61 - com.ssm.demo.controller.IndexController类的index方法开始执行******Start******
2019-08-22 16:48:25 [http-bio-8087-exec-7] INFO  LogInterceptor:67 - com.ssm.demo.controller.IndexController.index()方法正常执行结束...
2019-08-22 16:48:25 [http-bio-8087-exec-7] INFO  LogInterceptor:84 - com.ssm.demo.controller.IndexController类的index方法执行结束******End******
2019-08-22 16:48:25 [http-bio-8087-exec-4] INFO  LogInterceptor:61 - com.ssm.demo.controller.MenuController类的switchMenu方法开始执行******Start******
2019-08-22 16:48:25 [http-bio-8087-exec-4] INFO  LogInterceptor:67 - com.ssm.demo.controller.MenuController.switchMenu()方法正常执行结束...
2019-08-22 16:48:25 [http-bio-8087-exec-4] INFO  LogInterceptor:84 - com.ssm.demo.controller.MenuController类的switchMenu方法执行结束******End******
2019-08-22 16:48:28 [http-bio-8087-exec-4] INFO  LogInterceptor:61 - com.ssm.demo.controller.MenuController类的switchMenu方法开始执行******Start******
2019-08-22 16:48:28 [http-bio-8087-exec-4] INFO  LogInterceptor:67 - com.ssm.demo.controller.MenuController.switchMenu()方法正常执行结束...
2019-08-22 16:48:28 [http-bio-8087-exec-4] INFO  LogInterceptor:84 - com.ssm.demo.controller.MenuController类的switchMenu方法执行结束******End******
2019-08-22 16:48:29 [http-bio-8087-exec-10] INFO  LogInterceptor:61 - com.ssm.demo.controller.MenuController类的switchMenu方法开始执行******Start******
2019-08-22 16:48:29 [http-bio-8087-exec-10] INFO  LogInterceptor:67 - com.ssm.demo.controller.MenuController.switchMenu()方法正常执行结束...
2019-08-22 16:48:29 [http-bio-8087-exec-10] INFO  LogInterceptor:84 - com.ssm.demo.controller.MenuController类的switchMenu方法执行结束******End******
2019-08-22 16:48:41 [http-bio-8087-exec-8] INFO  LogInterceptor:61 - com.ssm.demo.controller.MenuController类的switchMenu方法开始执行******Start******
2019-08-22 16:48:41 [http-bio-8087-exec-10] INFO  LogInterceptor:61 - com.ssm.demo.controller.IndexController类的index方法开始执行******Start******
2019-08-22 16:48:41 [http-bio-8087-exec-8] INFO  LogInterceptor:67 - com.ssm.demo.controller.MenuController.switchMenu()方法正常执行结束...
2019-08-22 16:48:41 [http-bio-8087-exec-10] INFO  LogInterceptor:67 - com.ssm.demo.controller.IndexController.index()方法正常执行结束...
2019-08-22 16:48:41 [http-bio-8087-exec-8] INFO  LogInterceptor:84 - com.ssm.demo.controller.MenuController类的switchMenu方法执行结束******End******
2019-08-22 16:48:41 [http-bio-8087-exec-10] INFO  LogInterceptor:84 - com.ssm.demo.controller.IndexController类的index方法执行结束******End******
2019-08-22 16:48:42 [http-bio-8087-exec-10] INFO  LogInterceptor:61 - com.ssm.demo.controller.MenuController类的switchMenu方法开始执行******Start******
2019-08-22 16:48:42 [http-bio-8087-exec-10] INFO  LogInterceptor:67 - com.ssm.demo.controller.MenuController.switchMenu()方法正常执行结束...
2019-08-22 16:48:42 [http-bio-8087-exec-10] INFO  LogInterceptor:84 - com.ssm.demo.controller.MenuController类的switchMenu方法执行结束******End******
2019-08-22 17:12:57 [http-bio-8087-exec-1] INFO  LogInterceptor:61 - com.ssm.demo.controller.IndexController类的index方法开始执行******Start******
2019-08-22 17:12:57 [http-bio-8087-exec-1] INFO  LogInterceptor:67 - com.ssm.demo.controller.IndexController.index()方法正常执行结束...
2019-08-22 17:12:57 [http-bio-8087-exec-1] INFO  LogInterceptor:84 - com.ssm.demo.controller.IndexController类的index方法执行结束******End******
2019-08-22 17:13:30 [http-bio-8087-exec-10] INFO  LogInterceptor:61 - com.ssm.demo.controller.IndexController类的index方法开始执行******Start******
2019-08-22 17:13:30 [http-bio-8087-exec-10] INFO  LogInterceptor:67 - com.ssm.demo.controller.IndexController.index()方法正常执行结束...
2019-08-22 17:13:30 [http-bio-8087-exec-10] INFO  LogInterceptor:84 - com.ssm.demo.controller.IndexController类的index方法执行结束******End******
2019-08-22 17:13:40 [http-bio-8087-exec-9] INFO  LogInterceptor:61 - com.ssm.demo.controller.IndexController类的index方法开始执行******Start******
2019-08-22 17:13:40 [http-bio-8087-exec-9] INFO  LogInterceptor:67 - com.ssm.demo.controller.IndexController.index()方法正常执行结束...
2019-08-22 17:13:40 [http-bio-8087-exec-9] INFO  LogInterceptor:84 - com.ssm.demo.controller.IndexController类的index方法执行结束******End******
2019-08-22 17:14:40 [http-bio-8087-exec-6] INFO  LogInterceptor:61 - com.ssm.demo.controller.IndexController类的index方法开始执行******Start******
2019-08-22 17:14:40 [http-bio-8087-exec-6] INFO  LogInterceptor:67 - com.ssm.demo.controller.IndexController.index()方法正常执行结束...
2019-08-22 17:14:40 [http-bio-8087-exec-6] INFO  LogInterceptor:84 - com.ssm.demo.controller.IndexController类的index方法执行结束******End******
2019-08-22 17:14:40 [http-bio-8087-exec-6] INFO  LogInterceptor:61 - com.ssm.demo.controller.MenuController类的switchMenu方法开始执行******Start******
2019-08-22 17:14:40 [http-bio-8087-exec-6] INFO  LogInterceptor:67 - com.ssm.demo.controller.MenuController.switchMenu()方法正常执行结束...
2019-08-22 17:14:40 [http-bio-8087-exec-6] INFO  LogInterceptor:84 - com.ssm.demo.controller.MenuController类的switchMenu方法执行结束******End******
2019-08-22 17:18:01 [http-bio-8087-exec-1] INFO  LogInterceptor:61 - com.ssm.demo.controller.IndexController类的index方法开始执行******Start******
2019-08-22 17:18:01 [http-bio-8087-exec-1] INFO  LogInterceptor:67 - com.ssm.demo.controller.IndexController.index()方法正常执行结束...
2019-08-22 17:18:01 [http-bio-8087-exec-1] INFO  LogInterceptor:84 - com.ssm.demo.controller.IndexController类的index方法执行结束******End******
2019-08-22 17:18:02 [http-bio-8087-exec-1] INFO  LogInterceptor:61 - com.ssm.demo.controller.MenuController类的switchMenu方法开始执行******Start******
2019-08-22 17:18:02 [http-bio-8087-exec-1] INFO  LogInterceptor:67 - com.ssm.demo.controller.MenuController.switchMenu()方法正常执行结束...
2019-08-22 17:18:02 [http-bio-8087-exec-1] INFO  LogInterceptor:84 - com.ssm.demo.controller.MenuController类的switchMenu方法执行结束******End******
2019-08-22 17:19:58 [http-bio-8087-exec-10] INFO  LogInterceptor:61 - com.ssm.demo.controller.IndexController类的index方法开始执行******Start******
2019-08-22 17:19:58 [http-bio-8087-exec-10] INFO  LogInterceptor:67 - com.ssm.demo.controller.IndexController.index()方法正常执行结束...
2019-08-22 17:19:58 [http-bio-8087-exec-10] INFO  LogInterceptor:84 - com.ssm.demo.controller.IndexController类的index方法执行结束******End******
2019-08-22 17:20:00 [http-bio-8087-exec-10] INFO  LogInterceptor:61 - com.ssm.demo.controller.MenuController类的switchMenu方法开始执行******Start******
2019-08-22 17:20:00 [http-bio-8087-exec-10] INFO  LogInterceptor:67 - com.ssm.demo.controller.MenuController.switchMenu()方法正常执行结束...
2019-08-22 17:20:00 [http-bio-8087-exec-10] INFO  LogInterceptor:84 - com.ssm.demo.controller.MenuController类的switchMenu方法执行结束******End******
2019-08-22 17:22:51 [http-bio-8087-exec-1] INFO  LogInterceptor:61 - com.ssm.demo.controller.IndexController类的index方法开始执行******Start******
2019-08-22 17:22:51 [http-bio-8087-exec-1] INFO  LogInterceptor:67 - com.ssm.demo.controller.IndexController.index()方法正常执行结束...
2019-08-22 17:22:51 [http-bio-8087-exec-1] INFO  LogInterceptor:84 - com.ssm.demo.controller.IndexController类的index方法执行结束******End******
2019-08-22 17:22:52 [http-bio-8087-exec-3] INFO  LogInterceptor:61 - com.ssm.demo.controller.MenuController类的switchMenu方法开始执行******Start******
2019-08-22 17:22:52 [http-bio-8087-exec-3] INFO  LogInterceptor:67 - com.ssm.demo.controller.MenuController.switchMenu()方法正常执行结束...
2019-08-22 17:22:52 [http-bio-8087-exec-3] INFO  LogInterceptor:84 - com.ssm.demo.controller.MenuController类的switchMenu方法执行结束******End******
2019-08-22 17:23:44 [http-bio-8087-exec-7] INFO  LogInterceptor:61 - com.ssm.demo.controller.IndexController类的index方法开始执行******Start******
2019-08-22 17:23:44 [http-bio-8087-exec-7] INFO  LogInterceptor:67 - com.ssm.demo.controller.IndexController.index()方法正常执行结束...
2019-08-22 17:23:44 [http-bio-8087-exec-7] INFO  LogInterceptor:84 - com.ssm.demo.controller.IndexController类的index方法执行结束******End******
2019-08-22 17:23:44 [http-bio-8087-exec-1] INFO  LogInterceptor:61 - com.ssm.demo.controller.MenuController类的switchMenu方法开始执行******Start******
2019-08-22 17:23:44 [http-bio-8087-exec-1] INFO  LogInterceptor:67 - com.ssm.demo.controller.MenuController.switchMenu()方法正常执行结束...
2019-08-22 17:23:44 [http-bio-8087-exec-1] INFO  LogInterceptor:84 - com.ssm.demo.controller.MenuController类的switchMenu方法执行结束******End******
2019-08-22 17:23:52 [http-bio-8087-exec-1] INFO  LogInterceptor:61 - com.ssm.demo.controller.IndexController类的index方法开始执行******Start******
2019-08-22 17:23:52 [http-bio-8087-exec-1] INFO  LogInterceptor:67 - com.ssm.demo.controller.IndexController.index()方法正常执行结束...
2019-08-22 17:23:52 [http-bio-8087-exec-1] INFO  LogInterceptor:84 - com.ssm.demo.controller.IndexController类的index方法执行结束******End******
2019-08-22 17:23:52 [http-bio-8087-exec-1] INFO  LogInterceptor:61 - com.ssm.demo.controller.MenuController类的switchMenu方法开始执行******Start******
2019-08-22 17:23:52 [http-bio-8087-exec-1] INFO  LogInterceptor:67 - com.ssm.demo.controller.MenuController.switchMenu()方法正常执行结束...
2019-08-22 17:23:52 [http-bio-8087-exec-1] INFO  LogInterceptor:84 - com.ssm.demo.controller.MenuController类的switchMenu方法执行结束******End******
2019-08-22 17:25:28 [http-bio-8087-exec-10] INFO  LogInterceptor:61 - com.ssm.demo.controller.IndexController类的index方法开始执行******Start******
2019-08-22 17:25:28 [http-bio-8087-exec-10] INFO  LogInterceptor:67 - com.ssm.demo.controller.IndexController.index()方法正常执行结束...
2019-08-22 17:25:28 [http-bio-8087-exec-10] INFO  LogInterceptor:84 - com.ssm.demo.controller.IndexController类的index方法执行结束******End******
2019-08-22 17:25:29 [http-bio-8087-exec-7] INFO  LogInterceptor:61 - com.ssm.demo.controller.MenuController类的switchMenu方法开始执行******Start******
2019-08-22 17:25:29 [http-bio-8087-exec-7] INFO  LogInterceptor:67 - com.ssm.demo.controller.MenuController.switchMenu()方法正常执行结束...
2019-08-22 17:25:29 [http-bio-8087-exec-7] INFO  LogInterceptor:84 - com.ssm.demo.controller.MenuController类的switchMenu方法执行结束******End******
2019-08-22 17:26:20 [http-bio-8087-exec-3] INFO  LogInterceptor:61 - com.ssm.demo.controller.IndexController类的index方法开始执行******Start******
2019-08-22 17:26:20 [http-bio-8087-exec-3] INFO  LogInterceptor:67 - com.ssm.demo.controller.IndexController.index()方法正常执行结束...
2019-08-22 17:26:20 [http-bio-8087-exec-3] INFO  LogInterceptor:84 - com.ssm.demo.controller.IndexController类的index方法执行结束******End******
2019-08-22 17:26:21 [http-bio-8087-exec-6] INFO  LogInterceptor:61 - com.ssm.demo.controller.MenuController类的switchMenu方法开始执行******Start******
2019-08-22 17:26:21 [http-bio-8087-exec-6] INFO  LogInterceptor:67 - com.ssm.demo.controller.MenuController.switchMenu()方法正常执行结束...
2019-08-22 17:26:21 [http-bio-8087-exec-6] INFO  LogInterceptor:84 - com.ssm.demo.controller.MenuController类的switchMenu方法执行结束******End******
2019-08-22 17:26:31 [http-bio-8087-exec-7] INFO  LogInterceptor:61 - com.ssm.demo.controller.IndexController类的index方法开始执行******Start******
2019-08-22 17:26:31 [http-bio-8087-exec-7] INFO  LogInterceptor:67 - com.ssm.demo.controller.IndexController.index()方法正常执行结束...
2019-08-22 17:26:31 [http-bio-8087-exec-7] INFO  LogInterceptor:84 - com.ssm.demo.controller.IndexController类的index方法执行结束******End******
2019-08-22 17:26:31 [http-bio-8087-exec-7] INFO  LogInterceptor:61 - com.ssm.demo.controller.MenuController类的switchMenu方法开始执行******Start******
2019-08-22 17:26:31 [http-bio-8087-exec-7] INFO  LogInterceptor:67 - com.ssm.demo.controller.MenuController.switchMenu()方法正常执行结束...
2019-08-22 17:26:31 [http-bio-8087-exec-7] INFO  LogInterceptor:84 - com.ssm.demo.controller.MenuController类的switchMenu方法执行结束******End******
2019-08-22 17:28:15 [http-bio-8087-exec-3] INFO  LogInterceptor:61 - com.ssm.demo.controller.IndexController类的index方法开始执行******Start******
2019-08-22 17:28:15 [http-bio-8087-exec-3] INFO  LogInterceptor:67 - com.ssm.demo.controller.IndexController.index()方法正常执行结束...
2019-08-22 17:28:15 [http-bio-8087-exec-3] INFO  LogInterceptor:84 - com.ssm.demo.controller.IndexController类的index方法执行结束******End******
2019-08-22 17:28:16 [http-bio-8087-exec-3] INFO  LogInterceptor:61 - com.ssm.demo.controller.MenuController类的switchMenu方法开始执行******Start******
2019-08-22 17:28:16 [http-bio-8087-exec-3] INFO  LogInterceptor:67 - com.ssm.demo.controller.MenuController.switchMenu()方法正常执行结束...
2019-08-22 17:28:16 [http-bio-8087-exec-3] INFO  LogInterceptor:84 - com.ssm.demo.controller.MenuController类的switchMenu方法执行结束******End******
2019-08-22 17:28:16 [http-bio-8087-exec-3] INFO  LogInterceptor:61 - com.ssm.demo.controller.UserInfoController类的userInfo方法开始执行******Start******
2019-08-22 17:28:16 [http-bio-8087-exec-3] INFO  LogInterceptor:67 - com.ssm.demo.controller.UserInfoController.userInfo()方法正常执行结束...
2019-08-22 17:28:16 [http-bio-8087-exec-3] INFO  LogInterceptor:84 - com.ssm.demo.controller.UserInfoController类的userInfo方法执行结束******End******
2019-08-22 17:28:28 [http-bio-8087-exec-3] INFO  LogInterceptor:61 - com.ssm.demo.controller.IndexController类的index方法开始执行******Start******
2019-08-22 17:28:28 [http-bio-8087-exec-3] INFO  LogInterceptor:67 - com.ssm.demo.controller.IndexController.index()方法正常执行结束...
2019-08-22 17:28:28 [http-bio-8087-exec-3] INFO  LogInterceptor:84 - com.ssm.demo.controller.IndexController类的index方法执行结束******End******
2019-08-22 17:28:28 [http-bio-8087-exec-3] INFO  LogInterceptor:61 - com.ssm.demo.controller.MenuController类的switchMenu方法开始执行******Start******
2019-08-22 17:28:28 [http-bio-8087-exec-3] INFO  LogInterceptor:67 - com.ssm.demo.controller.MenuController.switchMenu()方法正常执行结束...
2019-08-22 17:28:28 [http-bio-8087-exec-3] INFO  LogInterceptor:84 - com.ssm.demo.controller.MenuController类的switchMenu方法执行结束******End******
2019-08-22 17:28:28 [http-bio-8087-exec-3] INFO  LogInterceptor:61 - com.ssm.demo.controller.UserInfoController类的userInfo方法开始执行******Start******
2019-08-22 17:28:28 [http-bio-8087-exec-3] INFO  LogInterceptor:67 - com.ssm.demo.controller.UserInfoController.userInfo()方法正常执行结束...
2019-08-22 17:28:28 [http-bio-8087-exec-3] INFO  LogInterceptor:84 - com.ssm.demo.controller.UserInfoController类的userInfo方法执行结束******End******
2019-08-22 17:28:29 [http-bio-8087-exec-3] INFO  LogInterceptor:61 - com.ssm.demo.controller.IndexController类的index方法开始执行******Start******
2019-08-22 17:28:29 [http-bio-8087-exec-3] INFO  LogInterceptor:67 - com.ssm.demo.controller.IndexController.index()方法正常执行结束...
2019-08-22 17:28:29 [http-bio-8087-exec-3] INFO  LogInterceptor:84 - com.ssm.demo.controller.IndexController类的index方法执行结束******End******
2019-08-22 17:28:29 [http-bio-8087-exec-3] INFO  LogInterceptor:61 - com.ssm.demo.controller.MenuController类的switchMenu方法开始执行******Start******
2019-08-22 17:28:29 [http-bio-8087-exec-3] INFO  LogInterceptor:67 - com.ssm.demo.controller.MenuController.switchMenu()方法正常执行结束...
2019-08-22 17:28:29 [http-bio-8087-exec-3] INFO  LogInterceptor:84 - com.ssm.demo.controller.MenuController类的switchMenu方法执行结束******End******
2019-08-22 17:28:29 [http-bio-8087-exec-3] INFO  LogInterceptor:61 - com.ssm.demo.controller.UserInfoController类的userInfo方法开始执行******Start******
2019-08-22 17:28:29 [http-bio-8087-exec-3] INFO  LogInterceptor:67 - com.ssm.demo.controller.UserInfoController.userInfo()方法正常执行结束...
2019-08-22 17:28:29 [http-bio-8087-exec-3] INFO  LogInterceptor:84 - com.ssm.demo.controller.UserInfoController类的userInfo方法执行结束******End******
2019-08-22 17:29:32 [http-bio-8087-exec-10] INFO  LogInterceptor:61 - com.ssm.demo.controller.IndexController类的index方法开始执行******Start******
2019-08-22 17:29:32 [http-bio-8087-exec-10] INFO  LogInterceptor:67 - com.ssm.demo.controller.IndexController.index()方法正常执行结束...
2019-08-22 17:29:32 [http-bio-8087-exec-10] INFO  LogInterceptor:84 - com.ssm.demo.controller.IndexController类的index方法执行结束******End******
2019-08-22 17:29:34 [http-bio-8087-exec-10] INFO  LogInterceptor:61 - com.ssm.demo.controller.MenuController类的switchMenu方法开始执行******Start******
2019-08-22 17:29:34 [http-bio-8087-exec-10] INFO  LogInterceptor:67 - com.ssm.demo.controller.MenuController.switchMenu()方法正常执行结束...
2019-08-22 17:29:34 [http-bio-8087-exec-10] INFO  LogInterceptor:84 - com.ssm.demo.controller.MenuController类的switchMenu方法执行结束******End******
2019-08-22 17:29:35 [http-bio-8087-exec-9] INFO  LogInterceptor:61 - com.ssm.demo.controller.UserInfoController类的userInfo方法开始执行******Start******
2019-08-22 17:29:35 [http-bio-8087-exec-9] INFO  LogInterceptor:67 - com.ssm.demo.controller.UserInfoController.userInfo()方法正常执行结束...
2019-08-22 17:29:35 [http-bio-8087-exec-9] INFO  LogInterceptor:84 - com.ssm.demo.controller.UserInfoController类的userInfo方法执行结束******End******
2019-08-22 17:30:42 [http-bio-8087-exec-10] INFO  LogInterceptor:61 - com.ssm.demo.controller.IndexController类的index方法开始执行******Start******
2019-08-22 17:30:42 [http-bio-8087-exec-10] INFO  LogInterceptor:67 - com.ssm.demo.controller.IndexController.index()方法正常执行结束...
2019-08-22 17:30:42 [http-bio-8087-exec-10] INFO  LogInterceptor:84 - com.ssm.demo.controller.IndexController类的index方法执行结束******End******
2019-08-22 17:30:44 [http-bio-8087-exec-10] INFO  LogInterceptor:61 - com.ssm.demo.controller.MenuController类的switchMenu方法开始执行******Start******
2019-08-22 17:30:44 [http-bio-8087-exec-10] INFO  LogInterceptor:67 - com.ssm.demo.controller.MenuController.switchMenu()方法正常执行结束...
2019-08-22 17:30:44 [http-bio-8087-exec-10] INFO  LogInterceptor:84 - com.ssm.demo.controller.MenuController类的switchMenu方法执行结束******End******
2019-08-22 17:30:44 [http-bio-8087-exec-9] INFO  LogInterceptor:61 - com.ssm.demo.controller.UserInfoController类的userInfo方法开始执行******Start******
2019-08-22 17:30:45 [http-bio-8087-exec-9] INFO  LogInterceptor:67 - com.ssm.demo.controller.UserInfoController.userInfo()方法正常执行结束...
2019-08-22 17:30:45 [http-bio-8087-exec-9] INFO  LogInterceptor:84 - com.ssm.demo.controller.UserInfoController类的userInfo方法执行结束******End******
2019-08-22 17:31:17 [http-bio-8087-exec-2] INFO  LogInterceptor:61 - com.ssm.demo.controller.IndexController类的index方法开始执行******Start******
2019-08-22 17:31:17 [http-bio-8087-exec-2] INFO  LogInterceptor:67 - com.ssm.demo.controller.IndexController.index()方法正常执行结束...
2019-08-22 17:31:17 [http-bio-8087-exec-2] INFO  LogInterceptor:84 - com.ssm.demo.controller.IndexController类的index方法执行结束******End******
2019-08-22 17:31:17 [http-bio-8087-exec-2] INFO  LogInterceptor:61 - com.ssm.demo.controller.MenuController类的switchMenu方法开始执行******Start******
2019-08-22 17:31:17 [http-bio-8087-exec-2] INFO  LogInterceptor:67 - com.ssm.demo.controller.MenuController.switchMenu()方法正常执行结束...
2019-08-22 17:31:17 [http-bio-8087-exec-2] INFO  LogInterceptor:84 - com.ssm.demo.controller.MenuController类的switchMenu方法执行结束******End******
2019-08-22 17:31:17 [http-bio-8087-exec-2] INFO  LogInterceptor:61 - com.ssm.demo.controller.UserInfoController类的userInfo方法开始执行******Start******
2019-08-22 17:31:17 [http-bio-8087-exec-2] INFO  LogInterceptor:67 - com.ssm.demo.controller.UserInfoController.userInfo()方法正常执行结束...
2019-08-22 17:31:17 [http-bio-8087-exec-2] INFO  LogInterceptor:84 - com.ssm.demo.controller.UserInfoController类的userInfo方法执行结束******End******
2019-08-22 17:31:18 [http-bio-8087-exec-2] INFO  LogInterceptor:61 - com.ssm.demo.controller.IndexController类的index方法开始执行******Start******
2019-08-22 17:31:18 [http-bio-8087-exec-2] INFO  LogInterceptor:67 - com.ssm.demo.controller.IndexController.index()方法正常执行结束...
2019-08-22 17:31:18 [http-bio-8087-exec-2] INFO  LogInterceptor:84 - com.ssm.demo.controller.IndexController类的index方法执行结束******End******
2019-08-22 17:31:18 [http-bio-8087-exec-2] INFO  LogInterceptor:61 - com.ssm.demo.controller.MenuController类的switchMenu方法开始执行******Start******
2019-08-22 17:31:18 [http-bio-8087-exec-2] INFO  LogInterceptor:67 - com.ssm.demo.controller.MenuController.switchMenu()方法正常执行结束...
2019-08-22 17:31:18 [http-bio-8087-exec-2] INFO  LogInterceptor:84 - com.ssm.demo.controller.MenuController类的switchMenu方法执行结束******End******
2019-08-22 17:31:18 [http-bio-8087-exec-2] INFO  LogInterceptor:61 - com.ssm.demo.controller.UserInfoController类的userInfo方法开始执行******Start******
2019-08-22 17:31:18 [http-bio-8087-exec-2] INFO  LogInterceptor:67 - com.ssm.demo.controller.UserInfoController.userInfo()方法正常执行结束...
2019-08-22 17:31:18 [http-bio-8087-exec-2] INFO  LogInterceptor:84 - com.ssm.demo.controller.UserInfoController类的userInfo方法执行结束******End******
2019-08-22 17:31:18 [http-bio-8087-exec-1] INFO  LogInterceptor:61 - com.ssm.demo.controller.IndexController类的index方法开始执行******Start******
2019-08-22 17:31:18 [http-bio-8087-exec-1] INFO  LogInterceptor:67 - com.ssm.demo.controller.IndexController.index()方法正常执行结束...
2019-08-22 17:31:18 [http-bio-8087-exec-1] INFO  LogInterceptor:84 - com.ssm.demo.controller.IndexController类的index方法执行结束******End******
2019-08-22 17:31:18 [http-bio-8087-exec-1] INFO  LogInterceptor:61 - com.ssm.demo.controller.UserInfoController类的userInfo方法开始执行******Start******
2019-08-22 17:31:18 [http-bio-8087-exec-1] INFO  LogInterceptor:67 - com.ssm.demo.controller.UserInfoController.userInfo()方法正常执行结束...
2019-08-22 17:31:18 [http-bio-8087-exec-1] INFO  LogInterceptor:84 - com.ssm.demo.controller.UserInfoController类的userInfo方法执行结束******End******
2019-08-22 17:31:18 [http-bio-8087-exec-1] INFO  LogInterceptor:61 - com.ssm.demo.controller.MenuController类的switchMenu方法开始执行******Start******
2019-08-22 17:31:18 [http-bio-8087-exec-1] INFO  LogInterceptor:67 - com.ssm.demo.controller.MenuController.switchMenu()方法正常执行结束...
2019-08-22 17:31:18 [http-bio-8087-exec-1] INFO  LogInterceptor:84 - com.ssm.demo.controller.MenuController类的switchMenu方法执行结束******End******
2019-08-22 17:31:18 [http-bio-8087-exec-1] INFO  LogInterceptor:61 - com.ssm.demo.controller.IndexController类的index方法开始执行******Start******
2019-08-22 17:31:18 [http-bio-8087-exec-1] INFO  LogInterceptor:67 - com.ssm.demo.controller.IndexController.index()方法正常执行结束...
2019-08-22 17:31:18 [http-bio-8087-exec-1] INFO  LogInterceptor:84 - com.ssm.demo.controller.IndexController类的index方法执行结束******End******
2019-08-22 17:31:18 [http-bio-8087-exec-1] INFO  LogInterceptor:61 - com.ssm.demo.controller.MenuController类的switchMenu方法开始执行******Start******
2019-08-22 17:31:18 [http-bio-8087-exec-1] INFO  LogInterceptor:67 - com.ssm.demo.controller.MenuController.switchMenu()方法正常执行结束...
2019-08-22 17:31:18 [http-bio-8087-exec-1] INFO  LogInterceptor:84 - com.ssm.demo.controller.MenuController类的switchMenu方法执行结束******End******
2019-08-22 17:31:18 [http-bio-8087-exec-1] INFO  LogInterceptor:61 - com.ssm.demo.controller.UserInfoController类的userInfo方法开始执行******Start******
2019-08-22 17:31:18 [http-bio-8087-exec-1] INFO  LogInterceptor:67 - com.ssm.demo.controller.UserInfoController.userInfo()方法正常执行结束...
2019-08-22 17:31:18 [http-bio-8087-exec-1] INFO  LogInterceptor:84 - com.ssm.demo.controller.UserInfoController类的userInfo方法执行结束******End******
2019-08-22 17:33:25 [http-bio-8087-exec-1] INFO  LogInterceptor:61 - com.ssm.demo.controller.IndexController类的index方法开始执行******Start******
2019-08-22 17:33:25 [http-bio-8087-exec-1] INFO  LogInterceptor:67 - com.ssm.demo.controller.IndexController.index()方法正常执行结束...
2019-08-22 17:33:25 [http-bio-8087-exec-1] INFO  LogInterceptor:84 - com.ssm.demo.controller.IndexController类的index方法执行结束******End******
2019-08-22 17:33:26 [http-bio-8087-exec-7] INFO  LogInterceptor:61 - com.ssm.demo.controller.MenuController类的switchMenu方法开始执行******Start******
2019-08-22 17:33:26 [http-bio-8087-exec-7] INFO  LogInterceptor:67 - com.ssm.demo.controller.MenuController.switchMenu()方法正常执行结束...
2019-08-22 17:33:26 [http-bio-8087-exec-7] INFO  LogInterceptor:84 - com.ssm.demo.controller.MenuController类的switchMenu方法执行结束******End******
2019-08-22 17:33:26 [http-bio-8087-exec-8] INFO  LogInterceptor:61 - com.ssm.demo.controller.UserInfoController类的userInfo方法开始执行******Start******
2019-08-22 17:33:28 [http-bio-8087-exec-8] INFO  LogInterceptor:67 - com.ssm.demo.controller.UserInfoController.userInfo()方法正常执行结束...
2019-08-22 17:33:28 [http-bio-8087-exec-8] INFO  LogInterceptor:84 - com.ssm.demo.controller.UserInfoController类的userInfo方法执行结束******End******
2019-08-22 17:33:45 [http-bio-8087-exec-8] INFO  LogInterceptor:61 - com.ssm.demo.controller.IndexController类的index方法开始执行******Start******
2019-08-22 17:33:45 [http-bio-8087-exec-8] INFO  LogInterceptor:67 - com.ssm.demo.controller.IndexController.index()方法正常执行结束...
2019-08-22 17:33:45 [http-bio-8087-exec-8] INFO  LogInterceptor:84 - com.ssm.demo.controller.IndexController类的index方法执行结束******End******
2019-08-22 17:33:46 [http-bio-8087-exec-8] INFO  LogInterceptor:61 - com.ssm.demo.controller.MenuController类的switchMenu方法开始执行******Start******
2019-08-22 17:33:46 [http-bio-8087-exec-8] INFO  LogInterceptor:67 - com.ssm.demo.controller.MenuController.switchMenu()方法正常执行结束...
2019-08-22 17:33:46 [http-bio-8087-exec-8] INFO  LogInterceptor:84 - com.ssm.demo.controller.MenuController类的switchMenu方法执行结束******End******
2019-08-22 17:33:46 [http-bio-8087-exec-8] INFO  LogInterceptor:61 - com.ssm.demo.controller.UserInfoController类的userInfo方法开始执行******Start******
2019-08-22 17:33:46 [http-bio-8087-exec-8] INFO  LogInterceptor:67 - com.ssm.demo.controller.UserInfoController.userInfo()方法正常执行结束...
2019-08-22 17:33:46 [http-bio-8087-exec-8] INFO  LogInterceptor:84 - com.ssm.demo.controller.UserInfoController类的userInfo方法执行结束******End******
